<?xml version="1.0" encoding="utf-8"?><testsuites name="pytest tests"><testsuite name="pytest" errors="0" failures="0" skipped="0" tests="40" time="72.193" timestamp="2026-08-30T09:30:20.711125+00:00" hostname="agent-env-6051df72-df23-4453-bc1a-04113daa848e"><testcase classname="tests.test_iteration4" name="test_upload_requires_auth" time="0.160" /><testcase classname="tests.backend_test" name="test_health" time="0.104" /><testcase classname="tests.backend_test" name="test_admin_login_and_seed" time="0.534" /><testcase classname="tests.test_iteration4" name="test_upload_customer_forbidden" time="0.548" /><testcase classname="tests.backend_test" name="test_admin_login_wrong_password" time="0.343" /><testcase classname="tests.test_iteration4" name="test_upload_rejects_empty_file" time="0.736" /><testcase classname="tests.backend_test" name="test_otp_request_returns_dev_otp_and_resend_cooldown" time="0.363" /><testcase classname="tests.backend_test" name="test_otp_request_repeat_after_verify_no_500_regression" time="2.158" /><testcase classname="tests.test_iteration4" name="test_upload_rejects_unsupported_content_type" time="0.104" /><testcase classname="tests.test_iteration4" name="test_upload_rejects_over_8mb" time="0.476" /><testcase classname="tests.test_iteration4" name="test_upload_admin_success_and_serve" time="0.635" /><testcase classname="tests.test_iteration4" name="test_upload_restaurant_success" time="0.659" /><testcase classname="tests.test_iteration4" name="test_serve_nonexistent_file_returns_404" time="0.503" /><testcase classname="tests.backend_test" name="test_otp_verify_customer_creates_user_and_returns_tokens" time="0.188" /><testcase classname="tests.backend_test" name="test_auth_me_and_refresh_rotation" time="0.301" /><testcase classname="tests.test_iteration4" name="test_admin_media_updates_restaurant_and_is_visible_to_customer" time="0.561" /><testcase classname="tests.backend_test" name="test_role_gate_customer_cannot_hit_admin" time="0.094" /><testcase classname="tests.backend_test" name="test_profile_update_and_address_crud" time="36.621" /><testcase classname="tests.test_iteration4" name="test_restaurant_adds_food_with_uploaded_image_visible_to_customer" time="41.618" /><testcase classname="tests.backend_test" name="test_service_area_match_inside_and_outside" time="3.263" /><testcase classname="tests.backend_test" name="test_discovery_lists_seeded_restaurants_with_distance_priority" time="0.108" /><testcase classname="tests.backend_test" name="test_restaurant_detail_and_menu" time="0.100" /><testcase classname="tests.backend_test" name="test_categories_and_search" time="0.221" /><testcase classname="tests.backend_test" name="test_favorites_toggle" time="0.243" /><testcase classname="tests.backend_test" name="test_quote_and_order_separate_customer_and_partner_money" time="0.492" /><testcase classname="tests.backend_test" name="test_duplicate_order_idempotency" time="1.213" /><testcase classname="tests.test_iteration4" name="test_logout_revokes_refresh_token" time="5.726" /><testcase classname="tests.backend_test" name="test_order_state_machine_end_to_end" time="23.349" /><testcase classname="tests.test_iteration4" name="test_same_backend_data_visible_across_apps" time="0.102" /><testcase classname="tests.test_iteration4" name="test_maps_route_source_haversine_regression" time="0.186" /><testcase classname="tests.backend_test" name="test_delivery_earnings_shows_partner_earning_not_customer_charge" time="0.109" /><testcase classname="tests.backend_test" name="test_review_after_delivery_and_only_once" time="0.390" /><testcase classname="tests.backend_test" name="test_admin_settings_change_affects_new_quotes_but_not_history" time="0.645" /><testcase classname="tests.backend_test" name="test_admin_dashboard_and_settlements" time="0.226" /><testcase classname="tests.backend_test" name="test_maps_route_requires_auth" time="0.115" /><testcase classname="tests.backend_test" name="test_maps_route_returns_haversine_fallback" time="0.137" /><testcase classname="tests.backend_test" name="test_maps_route_zero_distance" time="0.147" /><testcase classname="tests.backend_test" name="test_quote_response_includes_eta_seconds_field" time="0.194" /><testcase classname="tests.backend_test" name="test_created_order_carries_map_metadata_and_coords" time="0.098" /><testcase classname="tests.backend_test" name="test_delivery_requests_include_partner_earning_and_coords" time="0.103" /></testsuite></testsuites>