<?xml version="1.0" encoding="utf-8"?><testsuites name="pytest tests"><testsuite name="pytest" errors="0" failures="0" skipped="0" tests="13" time="5.790" timestamp="2026-08-30T09:30:11.286824+00:00" hostname="agent-env-6051df72-df23-4453-bc1a-04113daa848e"><testcase classname="tests.test_iteration4" name="test_upload_requires_auth" time="0.284" /><testcase classname="tests.test_iteration4" name="test_upload_customer_forbidden" time="0.343" /><testcase classname="tests.test_iteration4" name="test_upload_rejects_empty_file" time="0.558" /><testcase classname="tests.test_iteration4" name="test_upload_rejects_unsupported_content_type" time="0.108" /><testcase classname="tests.test_iteration4" name="test_upload_rejects_over_8mb" time="0.470" /><testcase classname="tests.test_iteration4" name="test_upload_admin_success_and_serve" time="0.618" /><testcase classname="tests.test_iteration4" name="test_upload_restaurant_success" time="0.729" /><testcase classname="tests.test_iteration4" name="test_serve_nonexistent_file_returns_404" time="0.488" /><testcase classname="tests.test_iteration4" name="test_admin_media_updates_restaurant_and_is_visible_to_customer" time="0.536" /><testcase classname="tests.test_iteration4" name="test_restaurant_adds_food_with_uploaded_image_visible_to_customer" time="0.435" /><testcase classname="tests.test_iteration4" name="test_logout_revokes_refresh_token" time="0.544" /><testcase classname="tests.test_iteration4" name="test_same_backend_data_visible_across_apps" time="0.156" /><testcase classname="tests.test_iteration4" name="test_maps_route_source_haversine_regression" time="0.200" /></testsuite></testsuites>